{
  "stats": {
    "suites": 1,
    "tests": 3,
    "passes": 2,
    "pending": 0,
    "failures": 1,
    "start": "2025-02-03T12:36:12.407Z",
    "end": "2025-02-03T12:36:25.531Z",
    "duration": 13124,
    "testsRegistered": 3,
    "passPercent": 66.66666666666666,
    "pendingPercent": 0,
    "other": 0,
    "hasOther": false,
    "skipped": 0,
    "hasSkipped": false
  },
  "results": [
    {
      "uuid": "e042d396-2b14-4b58-ab54-cd23247d3464",
      "title": "",
      "fullFile": "cypress/e2e/login.cy.js",
      "file": "cypress/e2e/login.cy.js",
      "beforeHooks": [],
      "afterHooks": [],
      "tests": [],
      "suites": [
        {
          "uuid": "808594dd-92c0-48ed-8d65-e0b25820dc9e",
          "title": "Login Functionality",
          "fullFile": "",
          "file": "",
          "beforeHooks": [],
          "afterHooks": [],
          "tests": [
            {
              "title": "Should display login form",
              "fullTitle": "Login Functionality Should display login form",
              "timedOut": null,
              "duration": 439,
              "state": "passed",
              "speed": "fast",
              "pass": true,
              "fail": false,
              "pending": false,
              "context": null,
              "code": "cy.get(\"input[name='username']\").should(\"be.visible\");\ncy.get(\"input[name='password']\").should(\"be.visible\");\ncy.get(\"button[type='submit']\").should(\"be.visible\");",
              "err": {},
              "uuid": "dd7d20aa-e5bc-466c-bb03-9992fead6ce1",
              "parentUUID": "808594dd-92c0-48ed-8d65-e0b25820dc9e",
              "isHook": false,
              "skipped": false
            },
            {
              "title": "Should show error on invalid login",
              "fullTitle": "Login Functionality Should show error on invalid login",
              "timedOut": null,
              "duration": 8820,
              "state": "failed",
              "speed": null,
              "pass": false,
              "fail": true,
              "pending": false,
              "context": null,
              "code": "cy.get(\"input[name='username']\").type(\"wrongUser\");\ncy.get(\"input[name='password']\").type(\"wrongPass\");\ncy.get(\"button[type='submit']\").click();\ncy.contains(\"Username or password is wrong\").should(\"be.visible\");",
              "err": {
                "message": "AssertionError: Timed out retrying after 8000ms: Expected to find content: 'Username or password is wrong' but never did.",
                "estack": "AssertionError: Timed out retrying after 8000ms: Expected to find content: 'Username or password is wrong' but never did.\n    at Context.eval (webpack://login-test/./cypress/e2e/login.cy.js:17:51)",
                "diff": null
              },
              "uuid": "1292f6c9-2ca7-4481-aacd-2772cf3f3779",
              "parentUUID": "808594dd-92c0-48ed-8d65-e0b25820dc9e",
              "isHook": false,
              "skipped": false
            },
            {
              "title": "Should login successfully",
              "fullTitle": "Login Functionality Should login successfully",
              "timedOut": null,
              "duration": 3721,
              "state": "passed",
              "speed": "fast",
              "pass": true,
              "fail": false,
              "pending": false,
              "context": null,
              "code": "cy.fixture(\"users\").then(users => {\n  cy.get(\"input[name='username']\").type(users.admin.username);\n  cy.get(\"input[name='password']\").type(users.admin.password);\n  cy.get(\"button[type='submit']\").click();\n});\ncy.url().should(\"include\", \"/home\");",
              "err": {},
              "uuid": "8373d3f1-3af3-4ca7-ac06-ea505d7e02f2",
              "parentUUID": "808594dd-92c0-48ed-8d65-e0b25820dc9e",
              "isHook": false,
              "skipped": false
            }
          ],
          "suites": [],
          "passes": [
            "dd7d20aa-e5bc-466c-bb03-9992fead6ce1",
            "8373d3f1-3af3-4ca7-ac06-ea505d7e02f2"
          ],
          "failures": [
            "1292f6c9-2ca7-4481-aacd-2772cf3f3779"
          ],
          "pending": [],
          "skipped": [],
          "duration": 12980,
          "root": false,
          "rootEmpty": false,
          "_timeout": 2000
        }
      ],
      "passes": [],
      "failures": [],
      "pending": [],
      "skipped": [],
      "duration": 0,
      "root": true,
      "rootEmpty": true,
      "_timeout": 2000
    }
  ],
  "meta": {
    "mocha": {
      "version": "7.0.1"
    },
    "mochawesome": {
      "options": {
        "quiet": false,
        "reportFilename": "mochawesome",
        "saveHtml": false,
        "saveJson": true,
        "consoleReporter": "spec",
        "useInlineDiffs": false,
        "code": true
      },
      "version": "7.1.3"
    },
    "marge": {
      "options": {
        "reportDir": "cypress/reports",
        "overwrite": false,
        "html": false,
        "json": true
      },
      "version": "6.2.0"
    }
  }
}