{
  "stats": {
    "suites": 1,
    "tests": 3,
    "passes": 3,
    "pending": 0,
    "failures": 0,
    "start": "2025-02-03T12:35:47.571Z",
    "end": "2025-02-03T12:35:59.595Z",
    "duration": 12024,
    "testsRegistered": 3,
    "passPercent": 100,
    "pendingPercent": 0,
    "other": 0,
    "hasOther": false,
    "skipped": 0,
    "hasSkipped": false
  },
  "results": [
    {
      "uuid": "a4b7be35-ae3b-41c2-87f7-0aef7638094e",
      "title": "",
      "fullFile": "cypress/e2e/dashboard.cy.js",
      "file": "cypress/e2e/dashboard.cy.js",
      "beforeHooks": [],
      "afterHooks": [],
      "tests": [],
      "suites": [
        {
          "uuid": "27e97827-ad8b-48f6-9ec5-c2759b44b4c4",
          "title": "Dashboard Navigation",
          "fullFile": "",
          "file": "",
          "beforeHooks": [],
          "afterHooks": [],
          "tests": [
            {
              "title": "Should navigate to Borrowers page",
              "fullTitle": "Dashboard Navigation Should navigate to Borrowers page",
              "timedOut": null,
              "duration": 4200,
              "state": "passed",
              "speed": "fast",
              "pass": true,
              "fail": false,
              "pending": false,
              "context": null,
              "code": "cy.get(\"a[href='/borrowers']\").click();\ncy.url().should(\"include\", \"/borrowers\");",
              "err": {},
              "uuid": "9a21d2cd-fd2f-48cd-9a51-6f141675e439",
              "parentUUID": "27e97827-ad8b-48f6-9ec5-c2759b44b4c4",
              "isHook": false,
              "skipped": false
            },
            {
              "title": "Should navigate to Loans page",
              "fullTitle": "Dashboard Navigation Should navigate to Loans page",
              "timedOut": null,
              "duration": 3812,
              "state": "passed",
              "speed": "fast",
              "pass": true,
              "fail": false,
              "pending": false,
              "context": null,
              "code": "cy.get(\"a[href='/loans']\").click();\ncy.url().should(\"include\", \"/loans\");",
              "err": {},
              "uuid": "e2a042b5-e1a5-49a9-83d5-d3e8f4233953",
              "parentUUID": "27e97827-ad8b-48f6-9ec5-c2759b44b4c4",
              "isHook": false,
              "skipped": false
            },
            {
              "title": "Should navigate to Payments page",
              "fullTitle": "Dashboard Navigation Should navigate to Payments page",
              "timedOut": null,
              "duration": 3815,
              "state": "passed",
              "speed": "fast",
              "pass": true,
              "fail": false,
              "pending": false,
              "context": null,
              "code": "cy.get(\"a[href='/payments']\").click();\ncy.url().should(\"include\", \"/payments\");",
              "err": {},
              "uuid": "223b8234-3ae0-4ca8-8b30-3f86da80be72",
              "parentUUID": "27e97827-ad8b-48f6-9ec5-c2759b44b4c4",
              "isHook": false,
              "skipped": false
            }
          ],
          "suites": [],
          "passes": [
            "9a21d2cd-fd2f-48cd-9a51-6f141675e439",
            "e2a042b5-e1a5-49a9-83d5-d3e8f4233953",
            "223b8234-3ae0-4ca8-8b30-3f86da80be72"
          ],
          "failures": [],
          "pending": [],
          "skipped": [],
          "duration": 11827,
          "root": false,
          "rootEmpty": false,
          "_timeout": 2000
        }
      ],
      "passes": [],
      "failures": [],
      "pending": [],
      "skipped": [],
      "duration": 0,
      "root": true,
      "rootEmpty": true,
      "_timeout": 2000
    }
  ],
  "meta": {
    "mocha": {
      "version": "7.0.1"
    },
    "mochawesome": {
      "options": {
        "quiet": false,
        "reportFilename": "mochawesome",
        "saveHtml": false,
        "saveJson": true,
        "consoleReporter": "spec",
        "useInlineDiffs": false,
        "code": true
      },
      "version": "7.1.3"
    },
    "marge": {
      "options": {
        "reportDir": "cypress/reports",
        "overwrite": false,
        "html": false,
        "json": true
      },
      "version": "6.2.0"
    }
  }
}