{
  "stats": {
    "suites": 1,
    "tests": 3,
    "passes": 2,
    "pending": 0,
    "failures": 1,
    "start": "2025-02-03T12:38:13.678Z",
    "end": "2025-02-03T12:38:26.826Z",
    "duration": 13148,
    "testsRegistered": 3,
    "passPercent": 66.66666666666666,
    "pendingPercent": 0,
    "other": 0,
    "hasOther": false,
    "skipped": 0,
    "hasSkipped": false
  },
  "results": [
    {
      "uuid": "ac05a517-9db1-44f3-a095-ae8681471e99",
      "title": "",
      "fullFile": "cypress/e2e/login.cy.js",
      "file": "cypress/e2e/login.cy.js",
      "beforeHooks": [],
      "afterHooks": [],
      "tests": [],
      "suites": [
        {
          "uuid": "a7aea96b-dbc8-4ee5-b93d-c724bcd6cce7",
          "title": "Login Functionality",
          "fullFile": "",
          "file": "",
          "beforeHooks": [],
          "afterHooks": [],
          "tests": [
            {
              "title": "Should display login form",
              "fullTitle": "Login Functionality Should display login form",
              "timedOut": null,
              "duration": 443,
              "state": "passed",
              "speed": "fast",
              "pass": true,
              "fail": false,
              "pending": false,
              "context": null,
              "code": "cy.get(\"input[name='username']\").should(\"be.visible\");\ncy.get(\"input[name='password']\").should(\"be.visible\");\ncy.get(\"button[type='submit']\").should(\"be.visible\");",
              "err": {},
              "uuid": "cff57af1-bf00-407f-9976-c5fd623926ea",
              "parentUUID": "a7aea96b-dbc8-4ee5-b93d-c724bcd6cce7",
              "isHook": false,
              "skipped": false
            },
            {
              "title": "Should show error on invalid login",
              "fullTitle": "Login Functionality Should show error on invalid login",
              "timedOut": null,
              "duration": 8857,
              "state": "failed",
              "speed": null,
              "pass": false,
              "fail": true,
              "pending": false,
              "context": null,
              "code": "cy.get(\"input[name='username']\").type(\"wrongUser\");\ncy.get(\"input[name='password']\").type(\"wrongPass\");\ncy.get(\"button[type='submit']\").click();\ncy.contains(\"Username or password is wrong\").should(\"be.visible\");",
              "err": {
                "message": "AssertionError: Timed out retrying after 8000ms: Expected to find content: 'Username or password is wrong' but never did.",
                "estack": "AssertionError: Timed out retrying after 8000ms: Expected to find content: 'Username or password is wrong' but never did.\n    at Context.eval (webpack://login-test/./cypress/e2e/login.cy.js:17:51)",
                "diff": null
              },
              "uuid": "5a0b0f04-cdbe-4f77-80ba-a4bd09abd470",
              "parentUUID": "a7aea96b-dbc8-4ee5-b93d-c724bcd6cce7",
              "isHook": false,
              "skipped": false
            },
            {
              "title": "Should login successfully",
              "fullTitle": "Login Functionality Should login successfully",
              "timedOut": null,
              "duration": 3707,
              "state": "passed",
              "speed": "fast",
              "pass": true,
              "fail": false,
              "pending": false,
              "context": null,
              "code": "cy.fixture(\"users\").then(users => {\n  cy.get(\"input[name='username']\").type(users.admin.username);\n  cy.get(\"input[name='password']\").type(users.admin.password);\n  cy.get(\"button[type='submit']\").click();\n});\ncy.url().should(\"include\", \"/home\");",
              "err": {},
              "uuid": "15ebbccb-1b86-4f97-93ce-7ce0e449efcf",
              "parentUUID": "a7aea96b-dbc8-4ee5-b93d-c724bcd6cce7",
              "isHook": false,
              "skipped": false
            }
          ],
          "suites": [],
          "passes": [
            "cff57af1-bf00-407f-9976-c5fd623926ea",
            "15ebbccb-1b86-4f97-93ce-7ce0e449efcf"
          ],
          "failures": [
            "5a0b0f04-cdbe-4f77-80ba-a4bd09abd470"
          ],
          "pending": [],
          "skipped": [],
          "duration": 13007,
          "root": false,
          "rootEmpty": false,
          "_timeout": 2000
        }
      ],
      "passes": [],
      "failures": [],
      "pending": [],
      "skipped": [],
      "duration": 0,
      "root": true,
      "rootEmpty": true,
      "_timeout": 2000
    }
  ],
  "meta": {
    "mocha": {
      "version": "7.0.1"
    },
    "mochawesome": {
      "options": {
        "quiet": false,
        "reportFilename": "mochawesome",
        "saveHtml": false,
        "saveJson": true,
        "consoleReporter": "spec",
        "useInlineDiffs": false,
        "code": true
      },
      "version": "7.1.3"
    },
    "marge": {
      "options": {
        "reportDir": "cypress/reports",
        "overwrite": false,
        "html": false,
        "json": true
      },
      "version": "6.2.0"
    }
  }
}