{
  "stats": {
    "suites": 1,
    "tests": 3,
    "passes": 3,
    "pending": 0,
    "failures": 0,
    "start": "2025-02-03T12:37:48.806Z",
    "end": "2025-02-03T12:38:00.805Z",
    "duration": 11999,
    "testsRegistered": 3,
    "passPercent": 100,
    "pendingPercent": 0,
    "other": 0,
    "hasOther": false,
    "skipped": 0,
    "hasSkipped": false
  },
  "results": [
    {
      "uuid": "4af15dff-605a-44fb-8755-5faa7c54d4a5",
      "title": "",
      "fullFile": "cypress/e2e/dashboard.cy.js",
      "file": "cypress/e2e/dashboard.cy.js",
      "beforeHooks": [],
      "afterHooks": [],
      "tests": [],
      "suites": [
        {
          "uuid": "f732b5fc-aee2-4e24-af4e-7c9defd32990",
          "title": "Dashboard Navigation",
          "fullFile": "",
          "file": "",
          "beforeHooks": [],
          "afterHooks": [],
          "tests": [
            {
              "title": "Should navigate to Borrowers page",
              "fullTitle": "Dashboard Navigation Should navigate to Borrowers page",
              "timedOut": null,
              "duration": 4195,
              "state": "passed",
              "speed": "fast",
              "pass": true,
              "fail": false,
              "pending": false,
              "context": null,
              "code": "cy.get(\"a[href='/borrowers']\").click();\ncy.url().should(\"include\", \"/borrowers\");",
              "err": {},
              "uuid": "e986fa0c-375d-4f10-b081-50bd2e0286c5",
              "parentUUID": "f732b5fc-aee2-4e24-af4e-7c9defd32990",
              "isHook": false,
              "skipped": false
            },
            {
              "title": "Should navigate to Loans page",
              "fullTitle": "Dashboard Navigation Should navigate to Loans page",
              "timedOut": null,
              "duration": 3833,
              "state": "passed",
              "speed": "fast",
              "pass": true,
              "fail": false,
              "pending": false,
              "context": null,
              "code": "cy.get(\"a[href='/loans']\").click();\ncy.url().should(\"include\", \"/loans\");",
              "err": {},
              "uuid": "3550011a-c7fe-41c6-ad68-fd2269db44ca",
              "parentUUID": "f732b5fc-aee2-4e24-af4e-7c9defd32990",
              "isHook": false,
              "skipped": false
            },
            {
              "title": "Should navigate to Payments page",
              "fullTitle": "Dashboard Navigation Should navigate to Payments page",
              "timedOut": null,
              "duration": 3804,
              "state": "passed",
              "speed": "fast",
              "pass": true,
              "fail": false,
              "pending": false,
              "context": null,
              "code": "cy.get(\"a[href='/payments']\").click();\ncy.url().should(\"include\", \"/payments\");",
              "err": {},
              "uuid": "67fdec00-6fdc-451a-9599-b591f9f9e120",
              "parentUUID": "f732b5fc-aee2-4e24-af4e-7c9defd32990",
              "isHook": false,
              "skipped": false
            }
          ],
          "suites": [],
          "passes": [
            "e986fa0c-375d-4f10-b081-50bd2e0286c5",
            "3550011a-c7fe-41c6-ad68-fd2269db44ca",
            "67fdec00-6fdc-451a-9599-b591f9f9e120"
          ],
          "failures": [],
          "pending": [],
          "skipped": [],
          "duration": 11832,
          "root": false,
          "rootEmpty": false,
          "_timeout": 2000
        }
      ],
      "passes": [],
      "failures": [],
      "pending": [],
      "skipped": [],
      "duration": 0,
      "root": true,
      "rootEmpty": true,
      "_timeout": 2000
    }
  ],
  "meta": {
    "mocha": {
      "version": "7.0.1"
    },
    "mochawesome": {
      "options": {
        "quiet": false,
        "reportFilename": "mochawesome",
        "saveHtml": false,
        "saveJson": true,
        "consoleReporter": "spec",
        "useInlineDiffs": false,
        "code": true
      },
      "version": "7.1.3"
    },
    "marge": {
      "options": {
        "reportDir": "cypress/reports",
        "overwrite": false,
        "html": false,
        "json": true
      },
      "version": "6.2.0"
    }
  }
}